# JRE version: OpenJDK Runtime Environment Temurin-21.0.7+6 (21.0.7+6) (build 21.0.7+6-LTS)
# Java VM: OpenJDK 64-Bit Server VM Temurin-21.0.7+6 (21.0.7+6-LTS, mixed mode, sharing, tiered, compressed oops, compressed class ptrs, parallel gc, windows-amd64)
GC Precious Log:
 CardTable entry size: 512
 CPUs: 8 total, 8 available
 Memory: 24512M
 Large Page Support: Disabled
 NUMA Support: Disabled
 Compressed Oops: Enabled (32-bit)
 Alignments: Space 512K, Generation 512K, Heap 2M
 Heap Min Capacity: 100M
 Heap Initial Capacity: 100M
 Heap Max Capacity: 1G
 Pre-touch: Disabled
 Parallel Workers: 8
Heap:
 PSYoungGen      total 4096K, used 3728K [0x00000000eab00000, 0x00000000eb000000, 0x0000000100000000)
  eden space 3072K, 99% used [0x00000000eab00000,0x00000000eadffff8,0x00000000eae00000)
  from space 1024K, 64% used [0x00000000eae00000,0x00000000eaea4010,0x00000000eaf00000)
  to   space 1024K, 65% used [0x00000000eaf00000,0x00000000eafa8010,0x00000000eb000000)
 ParOldGen       total 654848K, used 654770K [0x00000000c0000000, 0x00000000e7f80000, 0x00000000eab00000)
  object space 654848K, 99% used [0x00000000c0000000,0x00000000e7f6cb50,0x00000000e7f80000)
 Metaspace       used 78838K, committed 80512K, reserved 1179648K
  class space    used 9348K, committed 10112K, reserved 1048576K
GC Heap History (20 events):
Event: 312.397 GC heap after
{Heap after GC invocations=1443 (full 4):
 PSYoungGen      total 4096K, used 704K [0x00000000eab00000, 0x00000000eb080000, 0x0000000100000000)
  eden space 3072K, 0% used [0x00000000eab00000,0x00000000eab00000,0x00000000eae00000)
  from space 1024K, 68% used [0x00000000eaf80000,0x00000000eb030000,0x00000000eb080000)
  to   space 1024K, 0% used [0x00000000eae00000,0x00000000eae00000,0x00000000eaf00000)
 ParOldGen       total 650240K, used 649742K [0x00000000c0000000, 0x00000000e7b00000, 0x00000000eab00000)
  object space 650240K, 99% used [0x00000000c0000000,0x00000000e7a83880,0x00000000e7b00000)
 Metaspace       used 78627K, committed 80320K, reserved 1179648K
  class space    used 9338K, committed 10112K, reserved 1048576K
}
Event: 312.437 GC heap before
{Heap before GC invocations=1444 (full 4):
 PSYoungGen      total 4096K, used 3776K [0x00000000eab00000, 0x00000000eb080000, 0x0000000100000000)
  eden space 3072K, 100% used [0x00000000eab00000,0x00000000eae00000,0x00000000eae00000)
  from space 1024K, 68% used [0x00000000eaf80000,0x00000000eb030000,0x00000000eb080000)
  to   space 1024K, 0% used [0x00000000eae00000,0x00000000eae00000,0x00000000eaf00000)
 ParOldGen       total 650240K, used 649742K [0x00000000c0000000, 0x00000000e7b00000, 0x00000000eab00000)
  object space 650240K, 99% used [0x00000000c0000000,0x00000000e7a83880,0x00000000e7b00000)
 Metaspace       used 78656K, committed 80320K, reserved 1179648K
  class space    used 9338K, committed 10112K, reserved 1048576K
}
Event: 312.441 GC heap after
{Heap after GC invocations=1444 (full 4):
 PSYoungGen      total 4096K, used 768K [0x00000000eab00000, 0x00000000eb000000, 0x0000000100000000)
  eden space 3072K, 0% used [0x00000000eab00000,0x00000000eab00000,0x00000000eae00000)
  from space 1024K, 75% used [0x00000000eae00000,0x00000000eaec0000,0x00000000eaf00000)
  to   space 1024K, 0% used [0x00000000eaf00000,0x00000000eaf00000,0x00000000eb000000)
 ParOldGen       total 650240K, used 650230K [0x00000000c0000000, 0x00000000e7b00000, 0x00000000eab00000)
  object space 650240K, 99% used [0x00000000c0000000,0x00000000e7afd8c0,0x00000000e7b00000)
 Metaspace       used 78656K, committed 80320K, reserved 1179648K
  class space    used 9338K, committed 10112K, reserved 1048576K
}
Event: 312.487 GC heap before
{Heap before GC invocations=1445 (full 4):
 PSYoungGen      total 4096K, used 3840K [0x00000000eab00000, 0x00000000eb000000, 0x0000000100000000)
  eden space 3072K, 100% used [0x00000000eab00000,0x00000000eae00000,0x00000000eae00000)
  from space 1024K, 75% used [0x00000000eae00000,0x00000000eaec0000,0x00000000eaf00000)
  to   space 1024K, 0% used [0x00000000eaf00000,0x00000000eaf00000,0x00000000eb000000)
 ParOldGen       total 650240K, used 650230K [0x00000000c0000000, 0x00000000e7b00000, 0x00000000eab00000)
  object space 650240K, 99% used [0x00000000c0000000,0x00000000e7afd8c0,0x00000000e7b00000)
 Metaspace       used 78712K, committed 80384K, reserved 1179648K
  class space    used 9338K, committed 10112K, reserved 1048576K
}
Event: 312.490 GC heap after
{Heap after GC invocations=1445 (full 4):
 PSYoungGen      total 4096K, used 800K [0x00000000eab00000, 0x00000000eb000000, 0x0000000100000000)
  eden space 3072K, 0% used [0x00000000eab00000,0x00000000eab00000,0x00000000eae00000)
  from space 1024K, 78% used [0x00000000eaf00000,0x00000000eafc8000,0x00000000eb000000)
  to   space 1024K, 0% used [0x00000000eae00000,0x00000000eae00000,0x00000000eaf00000)
 ParOldGen       total 651264K, used 650850K [0x00000000c0000000, 0x00000000e7c00000, 0x00000000eab00000)
  object space 651264K, 99% used [0x00000000c0000000,0x00000000e7b98900,0x00000000e7c00000)
 Metaspace       used 78712K, committed 80384K, reserved 1179648K
  class space    used 9338K, committed 10112K, reserved 1048576K
}
Event: 312.552 GC heap before
{Heap before GC invocations=1446 (full 4):
 PSYoungGen      total 4096K, used 3872K [0x00000000eab00000, 0x00000000eb000000, 0x0000000100000000)
  eden space 3072K, 100% used [0x00000000eab00000,0x00000000eae00000,0x00000000eae00000)
  from space 1024K, 78% used [0x00000000eaf00000,0x00000000eafc8000,0x00000000eb000000)
  to   space 1024K, 0% used [0x00000000eae00000,0x00000000eae00000,0x00000000eaf00000)
 ParOldGen       total 651264K, used 650850K [0x00000000c0000000, 0x00000000e7c00000, 0x00000000eab00000)
  object space 651264K, 99% used [0x00000000c0000000,0x00000000e7b98900,0x00000000e7c00000)
 Metaspace       used 78760K, committed 80448K, reserved 1179648K
  class space    used 9342K, committed 10112K, reserved 1048576K
}
Event: 312.555 GC heap after
{Heap after GC invocations=1446 (full 4):
 PSYoungGen      total 4096K, used 768K [0x00000000eab00000, 0x00000000eb000000, 0x0000000100000000)
  eden space 3072K, 0% used [0x00000000eab00000,0x00000000eab00000,0x00000000eae00000)
  from space 1024K, 75% used [0x00000000eae00000,0x00000000eaec0040,0x00000000eaf00000)
  to   space 1024K, 0% used [0x00000000eaf00000,0x00000000eaf00000,0x00000000eb000000)
 ParOldGen       total 651776K, used 651466K [0x00000000c0000000, 0x00000000e7c80000, 0x00000000eab00000)
  object space 651776K, 99% used [0x00000000c0000000,0x00000000e7c32930,0x00000000e7c80000)
 Metaspace       used 78760K, committed 80448K, reserved 1179648K
  class space    used 9342K, committed 10112K, reserved 1048576K
}
Event: 312.574 GC heap before
{Heap before GC invocations=1447 (full 4):
 PSYoungGen      total 4096K, used 3840K [0x00000000eab00000, 0x00000000eb000000, 0x0000000100000000)
  eden space 3072K, 99% used [0x00000000eab00000,0x00000000eadfffe0,0x00000000eae00000)
  from space 1024K, 75% used [0x00000000eae00000,0x00000000eaec0040,0x00000000eaf00000)
  to   space 1024K, 0% used [0x00000000eaf00000,0x00000000eaf00000,0x00000000eb000000)
 ParOldGen       total 651776K, used 651466K [0x00000000c0000000, 0x00000000e7c80000, 0x00000000eab00000)
  object space 651776K, 99% used [0x00000000c0000000,0x00000000e7c32930,0x00000000e7c80000)
 Metaspace       used 78772K, committed 80512K, reserved 1179648K
  class space    used 9344K, committed 10112K, reserved 1048576K
}
Event: 312.579 GC heap after
{Heap after GC invocations=1447 (full 4):
 PSYoungGen      total 4096K, used 912K [0x00000000eab00000, 0x00000000eb000000, 0x0000000100000000)
  eden space 3072K, 0% used [0x00000000eab00000,0x00000000eab00000,0x00000000eae00000)
  from space 1024K, 89% used [0x00000000eaf00000,0x00000000eafe4030,0x00000000eb000000)
  to   space 1024K, 0% used [0x00000000eae00000,0x00000000eae00000,0x00000000eaf00000)
 ParOldGen       total 652288K, used 651914K [0x00000000c0000000, 0x00000000e7d00000, 0x00000000eab00000)
  object space 652288K, 99% used [0x00000000c0000000,0x00000000e7ca2990,0x00000000e7d00000)
 Metaspace       used 78772K, committed 80512K, reserved 1179648K
  class space    used 9344K, committed 10112K, reserved 1048576K
}
Event: 312.597 GC heap before
{Heap before GC invocations=1448 (full 4):
 PSYoungGen      total 4096K, used 3984K [0x00000000eab00000, 0x00000000eb000000, 0x0000000100000000)
  eden space 3072K, 99% used [0x00000000eab00000,0x00000000eadfffd0,0x00000000eae00000)
  from space 1024K, 89% used [0x00000000eaf00000,0x00000000eafe4030,0x00000000eb000000)
  to   space 1024K, 0% used [0x00000000eae00000,0x00000000eae00000,0x00000000eaf00000)
 ParOldGen       total 652288K, used 651914K [0x00000000c0000000, 0x00000000e7d00000, 0x00000000eab00000)
  object space 652288K, 99% used [0x00000000c0000000,0x00000000e7ca2990,0x00000000e7d00000)
 Metaspace       used 78787K, committed 80512K, reserved 1179648K
  class space    used 9345K, committed 10112K, reserved 1048576K
}
Event: 312.601 GC heap after
{Heap after GC invocations=1448 (full 4):
 PSYoungGen      total 4096K, used 704K [0x00000000eab00000, 0x00000000eb000000, 0x0000000100000000)
  eden space 3072K, 0% used [0x00000000eab00000,0x00000000eab00000,0x00000000eae00000)
  from space 1024K, 68% used [0x00000000eae00000,0x00000000eaeb0000,0x00000000eaf00000)
  to   space 1024K, 0% used [0x00000000eaf00000,0x00000000eaf00000,0x00000000eb000000)
 ParOldGen       total 652800K, used 652382K [0x00000000c0000000, 0x00000000e7d80000, 0x00000000eab00000)
  object space 652800K, 99% used [0x00000000c0000000,0x00000000e7d179b0,0x00000000e7d80000)
 Metaspace       used 78787K, committed 80512K, reserved 1179648K
  class space    used 9345K, committed 10112K, reserved 1048576K
}
Event: 312.617 GC heap before
{Heap before GC invocations=1449 (full 4):
 PSYoungGen      total 4096K, used 3776K [0x00000000eab00000, 0x00000000eb000000, 0x0000000100000000)
  eden space 3072K, 100% used [0x00000000eab00000,0x00000000eae00000,0x00000000eae00000)
  from space 1024K, 68% used [0x00000000eae00000,0x00000000eaeb0000,0x00000000eaf00000)
  to   space 1024K, 0% used [0x00000000eaf00000,0x00000000eaf00000,0x00000000eb000000)
 ParOldGen       total 652800K, used 652382K [0x00000000c0000000, 0x00000000e7d80000, 0x00000000eab00000)
  object space 652800K, 99% used [0x00000000c0000000,0x00000000e7d179b0,0x00000000e7d80000)
 Metaspace       used 78790K, committed 80512K, reserved 1179648K
  class space    used 9345K, committed 10112K, reserved 1048576K
}
Event: 312.622 GC heap after
{Heap after GC invocations=1449 (full 4):
 PSYoungGen      total 4096K, used 736K [0x00000000eab00000, 0x00000000eb000000, 0x0000000100000000)
  eden space 3072K, 0% used [0x00000000eab00000,0x00000000eab00000,0x00000000eae00000)
  from space 1024K, 71% used [0x00000000eaf00000,0x00000000eafb8000,0x00000000eb000000)
  to   space 1024K, 0% used [0x00000000eae00000,0x00000000eae00000,0x00000000eaf00000)
 ParOldGen       total 653312K, used 653034K [0x00000000c0000000, 0x00000000e7e00000, 0x00000000eab00000)
  object space 653312K, 99% used [0x00000000c0000000,0x00000000e7dbaa20,0x00000000e7e00000)
 Metaspace       used 78790K, committed 80512K, reserved 1179648K
  class space    used 9345K, committed 10112K, reserved 1048576K
}
Event: 312.719 GC heap before
{Heap before GC invocations=1450 (full 4):
 PSYoungGen      total 4096K, used 3806K [0x00000000eab00000, 0x00000000eb000000, 0x0000000100000000)
  eden space 3072K, 99% used [0x00000000eab00000,0x00000000eadffb10,0x00000000eae00000)
  from space 1024K, 71% used [0x00000000eaf00000,0x00000000eafb8000,0x00000000eb000000)
  to   space 1024K, 0% used [0x00000000eae00000,0x00000000eae00000,0x00000000eaf00000)
 ParOldGen       total 653312K, used 653034K [0x00000000c0000000, 0x00000000e7e00000, 0x00000000eab00000)
  object space 653312K, 99% used [0x00000000c0000000,0x00000000e7dbaa20,0x00000000e7e00000)
 Metaspace       used 78815K, committed 80512K, reserved 1179648K
  class space    used 9347K, committed 10112K, reserved 1048576K
}
Event: 312.724 GC heap after
{Heap after GC invocations=1450 (full 4):
 PSYoungGen      total 4096K, used 880K [0x00000000eab00000, 0x00000000eb000000, 0x0000000100000000)
  eden space 3072K, 0% used [0x00000000eab00000,0x00000000eab00000,0x00000000eae00000)
  from space 1024K, 85% used [0x00000000eae00000,0x00000000eaedc090,0x00000000eaf00000)
  to   space 1024K, 0% used [0x00000000eaf00000,0x00000000eaf00000,0x00000000eb000000)
 ParOldGen       total 653824K, used 653450K [0x00000000c0000000, 0x00000000e7e80000, 0x00000000eab00000)
  object space 653824K, 99% used [0x00000000c0000000,0x00000000e7e22a20,0x00000000e7e80000)
 Metaspace       used 78815K, committed 80512K, reserved 1179648K
  class space    used 9347K, committed 10112K, reserved 1048576K
}
Event: 312.748 GC heap before
{Heap before GC invocations=1451 (full 4):
 PSYoungGen      total 4096K, used 3952K [0x00000000eab00000, 0x00000000eb000000, 0x0000000100000000)
  eden space 3072K, 100% used [0x00000000eab00000,0x00000000eae00000,0x00000000eae00000)
  from space 1024K, 85% used [0x00000000eae00000,0x00000000eaedc090,0x00000000eaf00000)
  to   space 1024K, 0% used [0x00000000eaf00000,0x00000000eaf00000,0x00000000eb000000)
 ParOldGen       total 653824K, used 653450K [0x00000000c0000000, 0x00000000e7e80000, 0x00000000eab00000)
  object space 653824K, 99% used [0x00000000c0000000,0x00000000e7e22a20,0x00000000e7e80000)
 Metaspace       used 78824K, committed 80512K, reserved 1179648K
  class space    used 9347K, committed 10112K, reserved 1048576K
}
Event: 312.753 GC heap after
{Heap after GC invocations=1451 (full 4):
 PSYoungGen      total 4096K, used 768K [0x00000000eab00000, 0x00000000eb000000, 0x0000000100000000)
  eden space 3072K, 0% used [0x00000000eab00000,0x00000000eab00000,0x00000000eae00000)
  from space 1024K, 75% used [0x00000000eaf00000,0x00000000eafc0020,0x00000000eb000000)
  to   space 1024K, 0% used [0x00000000eae00000,0x00000000eae00000,0x00000000eaf00000)
 ParOldGen       total 654336K, used 653882K [0x00000000c0000000, 0x00000000e7f00000, 0x00000000eab00000)
  object space 654336K, 99% used [0x00000000c0000000,0x00000000e7e8eac0,0x00000000e7f00000)
 Metaspace       used 78824K, committed 80512K, reserved 1179648K
  class space    used 9347K, committed 10112K, reserved 1048576K
}
Event: 312.777 GC heap before
{Heap before GC invocations=1452 (full 4):
 PSYoungGen      total 4096K, used 3840K [0x00000000eab00000, 0x00000000eb000000, 0x0000000100000000)
  eden space 3072K, 99% used [0x00000000eab00000,0x00000000eadffff0,0x00000000eae00000)
  from space 1024K, 75% used [0x00000000eaf00000,0x00000000eafc0020,0x00000000eb000000)
  to   space 1024K, 0% used [0x00000000eae00000,0x00000000eae00000,0x00000000eaf00000)
 ParOldGen       total 654336K, used 653882K [0x00000000c0000000, 0x00000000e7f00000, 0x00000000eab00000)
  object space 654336K, 99% used [0x00000000c0000000,0x00000000e7e8eac0,0x00000000e7f00000)
 Metaspace       used 78831K, committed 80512K, reserved 1179648K
  class space    used 9347K, committed 10112K, reserved 1048576K
}
Event: 312.782 GC heap after
{Heap after GC invocations=1452 (full 4):
 PSYoungGen      total 4096K, used 656K [0x00000000eab00000, 0x00000000eb000000, 0x0000000100000000)
  eden space 3072K, 0% used [0x00000000eab00000,0x00000000eab00000,0x00000000eae00000)
  from space 1024K, 64% used [0x00000000eae00000,0x00000000eaea4010,0x00000000eaf00000)
  to   space 1024K, 0% used [0x00000000eaf00000,0x00000000eaf00000,0x00000000eb000000)
 ParOldGen       total 654336K, used 654318K [0x00000000c0000000, 0x00000000e7f00000, 0x00000000eab00000)
  object space 654336K, 99% used [0x00000000c0000000,0x00000000e7efbb10,0x00000000e7f00000)
 Metaspace       used 78831K, committed 80512K, reserved 1179648K
  class space    used 9347K, committed 10112K, reserved 1048576K
}
Event: 312.816 GC heap before
{Heap before GC invocations=1453 (full 4):
 PSYoungGen      total 4096K, used 3728K [0x00000000eab00000, 0x00000000eb000000, 0x0000000100000000)
  eden space 3072K, 99% used [0x00000000eab00000,0x00000000eadffff8,0x00000000eae00000)
  from space 1024K, 64% used [0x00000000eae00000,0x00000000eaea4010,0x00000000eaf00000)
  to   space 1024K, 0% used [0x00000000eaf00000,0x00000000eaf00000,0x00000000eb000000)
 ParOldGen       total 654336K, used 654318K [0x00000000c0000000, 0x00000000e7f00000, 0x00000000eab00000)
  object space 654336K, 99% used [0x00000000c0000000,0x00000000e7efbb10,0x00000000e7f00000)
 Metaspace       used 78838K, committed 80512K, reserved 1179648K
  class space    used 9348K, committed 10112K, reserved 1048576K
}

