# JRE version: Java(TM) SE Runtime Environment (21.0.6+8) (build 21.0.6+8-LTS-188)
# Java VM: Java HotSpot(TM) 64-Bit Server VM (21.0.6+8-LTS-188, mixed mode, sharing, tiered, compressed oops, compressed class ptrs, g1 gc, windows-amd64)
GC Precious Log:
 CardTable entry size: 512
 Card Set container configuration: InlinePtr #cards 4 size 8 Array Of Cards #cards 32 size 80 Howl #buckets 8 coarsen threshold 7372 Howl Bitmap #cards 1024 size 144 coarsen threshold 921 Card regions per heap region 1 cards per card region 8192
 CPUs: 8 total, 8 available
 Memory: 24512M
 Large Page Support: Disabled
 NUMA Support: Disabled
 Compressed Oops: Enabled (Zero based)
 Heap Region Size: 4M
 Heap Min Capacity: 8M
 Heap Initial Capacity: 384M
 Heap Max Capacity: 8G
 Pre-touch: Disabled
 Parallel Workers: 8
 Concurrent Workers: 2
 Concurrent Refinement Workers: 8
 Periodic GC: Disabled
Heap:
 garbage-first heap   total 131072K, used 91209K [0x0000000600000000, 0x0000000800000000)
  region size 4096K, 8 young (32768K), 2 survivors (8192K)
 Metaspace       used 71960K, committed 74112K, reserved 1114112K
  class space    used 10137K, committed 11200K, reserved 1048576K
GC Heap History (20 events):
Event: 10.685 GC heap before
{Heap before GC invocations=6 (full 0):
 garbage-first heap   total 131072K, used 62344K [0x0000000600000000, 0x0000000800000000)
  region size 4096K, 14 young (57344K), 5 survivors (20480K)
 Metaspace       used 34786K, committed 36096K, reserved 1114112K
  class space    used 5074K, committed 5760K, reserved 1048576K
}
Event: 10.700 GC heap after
{Heap after GC invocations=7 (full 0):
 garbage-first heap   total 131072K, used 32791K [0x0000000600000000, 0x0000000800000000)
  region size 4096K, 3 young (12288K), 3 survivors (12288K)
 Metaspace       used 34786K, committed 36096K, reserved 1114112K
  class space    used 5074K, committed 5760K, reserved 1048576K
}
Event: 10.745 GC heap before
{Heap before GC invocations=7 (full 0):
 garbage-first heap   total 131072K, used 32791K [0x0000000600000000, 0x0000000800000000)
  region size 4096K, 4 young (16384K), 3 survivors (12288K)
 Metaspace       used 35008K, committed 36416K, reserved 1114112K
  class space    used 5093K, committed 5824K, reserved 1048576K
}
Event: 10.753 GC heap after
{Heap after GC invocations=8 (full 0):
 garbage-first heap   total 131072K, used 32251K [0x0000000600000000, 0x0000000800000000)
  region size 4096K, 1 young (4096K), 1 survivors (4096K)
 Metaspace       used 35008K, committed 36416K, reserved 1114112K
  class space    used 5093K, committed 5824K, reserved 1048576K
}
Event: 12.243 GC heap before
{Heap before GC invocations=9 (full 0):
 garbage-first heap   total 131072K, used 101883K [0x0000000600000000, 0x0000000800000000)
  region size 4096K, 19 young (77824K), 1 survivors (4096K)
 Metaspace       used 41578K, committed 43072K, reserved 1114112K
  class space    used 5786K, committed 6528K, reserved 1048576K
}
Event: 12.252 GC heap after
{Heap after GC invocations=10 (full 0):
 garbage-first heap   total 131072K, used 38031K [0x0000000600000000, 0x0000000800000000)
  region size 4096K, 3 young (12288K), 3 survivors (12288K)
 Metaspace       used 41578K, committed 43072K, reserved 1114112K
  class space    used 5786K, committed 6528K, reserved 1048576K
}
Event: 13.689 GC heap before
{Heap before GC invocations=10 (full 0):
 garbage-first heap   total 131072K, used 99471K [0x0000000600000000, 0x0000000800000000)
  region size 4096K, 18 young (73728K), 3 survivors (12288K)
 Metaspace       used 45566K, committed 47232K, reserved 1114112K
  class space    used 6413K, committed 7232K, reserved 1048576K
}
Event: 13.699 GC heap after
{Heap after GC invocations=11 (full 0):
 garbage-first heap   total 131072K, used 40667K [0x0000000600000000, 0x0000000800000000)
  region size 4096K, 3 young (12288K), 3 survivors (12288K)
 Metaspace       used 45566K, committed 47232K, reserved 1114112K
  class space    used 6413K, committed 7232K, reserved 1048576K
}
Event: 15.693 GC heap before
{Heap before GC invocations=11 (full 0):
 garbage-first heap   total 131072K, used 98011K [0x0000000600000000, 0x0000000800000000)
  region size 4096K, 18 young (73728K), 3 survivors (12288K)
 Metaspace       used 51404K, committed 53248K, reserved 1114112K
  class space    used 7240K, committed 8192K, reserved 1048576K
}
Event: 15.706 GC heap after
{Heap after GC invocations=12 (full 0):
 garbage-first heap   total 131072K, used 43564K [0x0000000600000000, 0x0000000800000000)
  region size 4096K, 2 young (8192K), 2 survivors (8192K)
 Metaspace       used 51404K, committed 53248K, reserved 1114112K
  class space    used 7240K, committed 8192K, reserved 1048576K
}
Event: 22.475 GC heap before
{Heap before GC invocations=12 (full 0):
 garbage-first heap   total 131072K, used 105004K [0x0000000600000000, 0x0000000800000000)
  region size 4096K, 17 young (69632K), 2 survivors (8192K)
 Metaspace       used 55151K, committed 57024K, reserved 1114112K
  class space    used 7793K, committed 8704K, reserved 1048576K
}
Event: 22.486 GC heap after
{Heap after GC invocations=13 (full 0):
 garbage-first heap   total 131072K, used 48299K [0x0000000600000000, 0x0000000800000000)
  region size 4096K, 3 young (12288K), 3 survivors (12288K)
 Metaspace       used 55151K, committed 57024K, reserved 1114112K
  class space    used 7793K, committed 8704K, reserved 1048576K
}
Event: 24.721 GC heap before
{Heap before GC invocations=13 (full 0):
 garbage-first heap   total 131072K, used 85163K [0x0000000600000000, 0x0000000800000000)
  region size 4096K, 14 young (57344K), 3 survivors (12288K)
 Metaspace       used 59510K, committed 61440K, reserved 1114112K
  class space    used 8421K, committed 9408K, reserved 1048576K
}
Event: 24.735 GC heap after
{Heap after GC invocations=14 (full 0):
 garbage-first heap   total 131072K, used 53209K [0x0000000600000000, 0x0000000800000000)
  region size 4096K, 2 young (8192K), 2 survivors (8192K)
 Metaspace       used 59510K, committed 61440K, reserved 1114112K
  class space    used 8421K, committed 9408K, reserved 1048576K
}
Event: 26.337 GC heap before
{Heap before GC invocations=15 (full 0):
 garbage-first heap   total 131072K, used 114649K [0x0000000600000000, 0x0000000800000000)
  region size 4096K, 15 young (61440K), 2 survivors (8192K)
 Metaspace       used 64459K, committed 66496K, reserved 1114112K
  class space    used 9085K, committed 10112K, reserved 1048576K
}
Event: 26.344 GC heap after
{Heap after GC invocations=16 (full 0):
 garbage-first heap   total 131072K, used 64702K [0x0000000600000000, 0x0000000800000000)
  region size 4096K, 1 young (4096K), 1 survivors (4096K)
 Metaspace       used 64459K, committed 66496K, reserved 1114112K
  class space    used 9085K, committed 10112K, reserved 1048576K
}
Event: 27.677 GC heap before
{Heap before GC invocations=16 (full 0):
 garbage-first heap   total 131072K, used 113854K [0x0000000600000000, 0x0000000800000000)
  region size 4096K, 13 young (53248K), 1 survivors (4096K)
 Metaspace       used 67713K, committed 69824K, reserved 1114112K
  class space    used 9493K, committed 10560K, reserved 1048576K
}
Event: 27.683 GC heap after
{Heap after GC invocations=17 (full 0):
 garbage-first heap   total 131072K, used 66740K [0x0000000600000000, 0x0000000800000000)
  region size 4096K, 2 young (8192K), 2 survivors (8192K)
 Metaspace       used 67713K, committed 69824K, reserved 1114112K
  class space    used 9493K, committed 10560K, reserved 1048576K
}
Event: 29.301 GC heap before
{Heap before GC invocations=18 (full 0):
 garbage-first heap   total 131072K, used 107700K [0x0000000600000000, 0x0000000800000000)
  region size 4096K, 12 young (49152K), 2 survivors (8192K)
 Metaspace       used 70103K, committed 72256K, reserved 1114112K
  class space    used 9846K, committed 10944K, reserved 1048576K
}
Event: 29.312 GC heap after
{Heap after GC invocations=19 (full 0):
 garbage-first heap   total 131072K, used 70729K [0x0000000600000000, 0x0000000800000000)
  region size 4096K, 2 young (8192K), 2 survivors (8192K)
 Metaspace       used 70103K, committed 72256K, reserved 1114112K
  class space    used 9846K, committed 10944K, reserved 1048576K
}

