# JRE version: OpenJDK Runtime Environment Temurin-21.0.7+6 (21.0.7+6) (build 21.0.7+6-LTS)
# Java VM: OpenJDK 64-Bit Server VM Temurin-21.0.7+6 (21.0.7+6-LTS, mixed mode, sharing, tiered, compressed oops, compressed class ptrs, parallel gc, windows-amd64)
GC Precious Log:
 CardTable entry size: 512
 CPUs: 8 total, 8 available
 Memory: 24512M
 Large Page Support: Disabled
 NUMA Support: Disabled
 Compressed Oops: Enabled (32-bit)
 Alignments: Space 512K, Generation 512K, Heap 2M
 Heap Min Capacity: 100M
 Heap Initial Capacity: 100M
 Heap Max Capacity: 1G
 Pre-touch: Disabled
 Parallel Workers: 8
Heap:
 PSYoungGen      total 3584K, used 2911K [0x00000000eab00000, 0x00000000eaf00000, 0x0000000100000000)
  eden space 2560K, 99% used [0x00000000eab00000,0x00000000ead7ffd8,0x00000000ead80000)
  from space 1024K, 34% used [0x00000000ead80000,0x00000000eadd8000,0x00000000eae80000)
  to   space 512K, 0% used [0x00000000eae80000,0x00000000eae80000,0x00000000eaf00000)
 ParOldGen       total 382464K, used 382244K [0x00000000c0000000, 0x00000000d7580000, 0x00000000eab00000)
  object space 382464K, 99% used [0x00000000c0000000,0x00000000d7549000,0x00000000d7580000)
 Metaspace       used 89967K, committed 91776K, reserved 1179648K
  class space    used 10334K, committed 11136K, reserved 1048576K
GC Heap History (20 events):
Event: 669.294 GC heap before
{Heap before GC invocations=4315 (full 6):
 PSYoungGen      total 3072K, used 3071K [0x00000000eab00000, 0x00000000eb000000, 0x0000000100000000)
  eden space 2560K, 99% used [0x00000000eab00000,0x00000000ead7ffe8,0x00000000ead80000)
  from space 512K, 100% used [0x00000000eae80000,0x00000000eaf00000,0x00000000eaf00000)
  to   space 1024K, 0% used [0x00000000eaf00000,0x00000000eaf00000,0x00000000eb000000)
 ParOldGen       total 379392K, used 379095K [0x00000000c0000000, 0x00000000d7280000, 0x00000000eab00000)
  object space 379392K, 99% used [0x00000000c0000000,0x00000000d7235f30,0x00000000d7280000)
 Metaspace       used 89848K, committed 91648K, reserved 1179648K
  class space    used 10333K, committed 11136K, reserved 1048576K
}
Event: 669.308 GC heap after
{Heap after GC invocations=4315 (full 6):
 PSYoungGen      total 3584K, used 864K [0x00000000eab00000, 0x00000000eb000000, 0x0000000100000000)
  eden space 2560K, 0% used [0x00000000eab00000,0x00000000eab00000,0x00000000ead80000)
  from space 1024K, 84% used [0x00000000eaf00000,0x00000000eafd8000,0x00000000eb000000)
  to   space 1024K, 0% used [0x00000000eae00000,0x00000000eae00000,0x00000000eaf00000)
 ParOldGen       total 379904K, used 379487K [0x00000000c0000000, 0x00000000d7300000, 0x00000000eab00000)
  object space 379904K, 99% used [0x00000000c0000000,0x00000000d7297f50,0x00000000d7300000)
 Metaspace       used 89848K, committed 91648K, reserved 1179648K
  class space    used 10333K, committed 11136K, reserved 1048576K
}
Event: 669.361 GC heap before
{Heap before GC invocations=4316 (full 6):
 PSYoungGen      total 3584K, used 3421K [0x00000000eab00000, 0x00000000eb000000, 0x0000000100000000)
  eden space 2560K, 99% used [0x00000000eab00000,0x00000000ead7f540,0x00000000ead80000)
  from space 1024K, 84% used [0x00000000eaf00000,0x00000000eafd8000,0x00000000eb000000)
  to   space 1024K, 0% used [0x00000000eae00000,0x00000000eae00000,0x00000000eaf00000)
 ParOldGen       total 379904K, used 379487K [0x00000000c0000000, 0x00000000d7300000, 0x00000000eab00000)
  object space 379904K, 99% used [0x00000000c0000000,0x00000000d7297f50,0x00000000d7300000)
 Metaspace       used 89870K, committed 91648K, reserved 1179648K
  class space    used 10333K, committed 11136K, reserved 1048576K
}
Event: 669.370 GC heap after
{Heap after GC invocations=4316 (full 6):
 PSYoungGen      total 3072K, used 416K [0x00000000eab00000, 0x00000000eaf80000, 0x0000000100000000)
  eden space 2560K, 0% used [0x00000000eab00000,0x00000000eab00000,0x00000000ead80000)
  from space 512K, 81% used [0x00000000eae00000,0x00000000eae68000,0x00000000eae80000)
  to   space 1024K, 0% used [0x00000000eae80000,0x00000000eae80000,0x00000000eaf80000)
 ParOldGen       total 380416K, used 380267K [0x00000000c0000000, 0x00000000d7380000, 0x00000000eab00000)
  object space 380416K, 99% used [0x00000000c0000000,0x00000000d735af60,0x00000000d7380000)
 Metaspace       used 89870K, committed 91648K, reserved 1179648K
  class space    used 10333K, committed 11136K, reserved 1048576K
}
Event: 669.516 GC heap before
{Heap before GC invocations=4317 (full 6):
 PSYoungGen      total 3072K, used 2976K [0x00000000eab00000, 0x00000000eaf80000, 0x0000000100000000)
  eden space 2560K, 100% used [0x00000000eab00000,0x00000000ead80000,0x00000000ead80000)
  from space 512K, 81% used [0x00000000eae00000,0x00000000eae68000,0x00000000eae80000)
  to   space 1024K, 0% used [0x00000000eae80000,0x00000000eae80000,0x00000000eaf80000)
 ParOldGen       total 380416K, used 380267K [0x00000000c0000000, 0x00000000d7380000, 0x00000000eab00000)
  object space 380416K, 99% used [0x00000000c0000000,0x00000000d735af60,0x00000000d7380000)
 Metaspace       used 89887K, committed 91648K, reserved 1179648K
  class space    used 10333K, committed 11136K, reserved 1048576K
}
Event: 669.523 GC heap after
{Heap after GC invocations=4317 (full 6):
 PSYoungGen      total 3584K, used 544K [0x00000000eab00000, 0x00000000eaf80000, 0x0000000100000000)
  eden space 2560K, 0% used [0x00000000eab00000,0x00000000eab00000,0x00000000ead80000)
  from space 1024K, 53% used [0x00000000eae80000,0x00000000eaf08000,0x00000000eaf80000)
  to   space 1024K, 0% used [0x00000000ead80000,0x00000000ead80000,0x00000000eae80000)
 ParOldGen       total 380928K, used 380547K [0x00000000c0000000, 0x00000000d7400000, 0x00000000eab00000)
  object space 380928K, 99% used [0x00000000c0000000,0x00000000d73a0f80,0x00000000d7400000)
 Metaspace       used 89887K, committed 91648K, reserved 1179648K
  class space    used 10333K, committed 11136K, reserved 1048576K
}
Event: 669.550 GC heap before
{Heap before GC invocations=4318 (full 6):
 PSYoungGen      total 3584K, used 3092K [0x00000000eab00000, 0x00000000eaf80000, 0x0000000100000000)
  eden space 2560K, 99% used [0x00000000eab00000,0x00000000ead7d0f8,0x00000000ead80000)
  from space 1024K, 53% used [0x00000000eae80000,0x00000000eaf08000,0x00000000eaf80000)
  to   space 1024K, 0% used [0x00000000ead80000,0x00000000ead80000,0x00000000eae80000)
 ParOldGen       total 380928K, used 380547K [0x00000000c0000000, 0x00000000d7400000, 0x00000000eab00000)
  object space 380928K, 99% used [0x00000000c0000000,0x00000000d73a0f80,0x00000000d7400000)
 Metaspace       used 89918K, committed 91712K, reserved 1179648K
  class space    used 10333K, committed 11136K, reserved 1048576K
}
Event: 669.554 GC heap after
{Heap after GC invocations=4318 (full 6):
 PSYoungGen      total 3584K, used 512K [0x00000000eab00000, 0x00000000eaf80000, 0x0000000100000000)
  eden space 2560K, 0% used [0x00000000eab00000,0x00000000eab00000,0x00000000ead80000)
  from space 1024K, 50% used [0x00000000ead80000,0x00000000eae00000,0x00000000eae80000)
  to   space 1024K, 0% used [0x00000000eae80000,0x00000000eae80000,0x00000000eaf80000)
 ParOldGen       total 380928K, used 380927K [0x00000000c0000000, 0x00000000d7400000, 0x00000000eab00000)
  object space 380928K, 99% used [0x00000000c0000000,0x00000000d73fff90,0x00000000d7400000)
 Metaspace       used 89918K, committed 91712K, reserved 1179648K
  class space    used 10333K, committed 11136K, reserved 1048576K
}
Event: 669.592 GC heap before
{Heap before GC invocations=4319 (full 6):
 PSYoungGen      total 3584K, used 3072K [0x00000000eab00000, 0x00000000eaf80000, 0x0000000100000000)
  eden space 2560K, 100% used [0x00000000eab00000,0x00000000ead80000,0x00000000ead80000)
  from space 1024K, 50% used [0x00000000ead80000,0x00000000eae00000,0x00000000eae80000)
  to   space 1024K, 0% used [0x00000000eae80000,0x00000000eae80000,0x00000000eaf80000)
 ParOldGen       total 380928K, used 380927K [0x00000000c0000000, 0x00000000d7400000, 0x00000000eab00000)
  object space 380928K, 99% used [0x00000000c0000000,0x00000000d73fff90,0x00000000d7400000)
 Metaspace       used 89922K, committed 91712K, reserved 1179648K
  class space    used 10333K, committed 11136K, reserved 1048576K
}
Event: 669.595 GC heap after
{Heap after GC invocations=4319 (full 6):
 PSYoungGen      total 3072K, used 416K [0x00000000eab00000, 0x00000000eaf00000, 0x0000000100000000)
  eden space 2560K, 0% used [0x00000000eab00000,0x00000000eab00000,0x00000000ead80000)
  from space 512K, 81% used [0x00000000eae80000,0x00000000eaee8000,0x00000000eaf00000)
  to   space 512K, 0% used [0x00000000eae00000,0x00000000eae00000,0x00000000eae80000)
 ParOldGen       total 381440K, used 381199K [0x00000000c0000000, 0x00000000d7480000, 0x00000000eab00000)
  object space 381440K, 99% used [0x00000000c0000000,0x00000000d7443f90,0x00000000d7480000)
 Metaspace       used 89922K, committed 91712K, reserved 1179648K
  class space    used 10333K, committed 11136K, reserved 1048576K
}
Event: 669.625 GC heap before
{Heap before GC invocations=4320 (full 6):
 PSYoungGen      total 3072K, used 2976K [0x00000000eab00000, 0x00000000eaf00000, 0x0000000100000000)
  eden space 2560K, 100% used [0x00000000eab00000,0x00000000ead80000,0x00000000ead80000)
  from space 512K, 81% used [0x00000000eae80000,0x00000000eaee8000,0x00000000eaf00000)
  to   space 512K, 0% used [0x00000000eae00000,0x00000000eae00000,0x00000000eae80000)
 ParOldGen       total 381440K, used 381199K [0x00000000c0000000, 0x00000000d7480000, 0x00000000eab00000)
  object space 381440K, 99% used [0x00000000c0000000,0x00000000d7443f90,0x00000000d7480000)
 Metaspace       used 89933K, committed 91712K, reserved 1179648K
  class space    used 10333K, committed 11136K, reserved 1048576K
}
Event: 669.628 GC heap after
{Heap after GC invocations=4320 (full 6):
 PSYoungGen      total 3072K, used 512K [0x00000000eab00000, 0x00000000eaf80000, 0x0000000100000000)
  eden space 2560K, 0% used [0x00000000eab00000,0x00000000eab00000,0x00000000ead80000)
  from space 512K, 100% used [0x00000000eae00000,0x00000000eae80000,0x00000000eae80000)
  to   space 1024K, 0% used [0x00000000eae80000,0x00000000eae80000,0x00000000eaf80000)
 ParOldGen       total 381440K, used 381439K [0x00000000c0000000, 0x00000000d7480000, 0x00000000eab00000)
  object space 381440K, 99% used [0x00000000c0000000,0x00000000d747ff90,0x00000000d7480000)
 Metaspace       used 89933K, committed 91712K, reserved 1179648K
  class space    used 10333K, committed 11136K, reserved 1048576K
}
Event: 669.687 GC heap before
{Heap before GC invocations=4321 (full 6):
 PSYoungGen      total 3072K, used 3072K [0x00000000eab00000, 0x00000000eaf80000, 0x0000000100000000)
  eden space 2560K, 100% used [0x00000000eab00000,0x00000000ead80000,0x00000000ead80000)
  from space 512K, 100% used [0x00000000eae00000,0x00000000eae80000,0x00000000eae80000)
  to   space 1024K, 0% used [0x00000000eae80000,0x00000000eae80000,0x00000000eaf80000)
 ParOldGen       total 381440K, used 381439K [0x00000000c0000000, 0x00000000d7480000, 0x00000000eab00000)
  object space 381440K, 99% used [0x00000000c0000000,0x00000000d747ff90,0x00000000d7480000)
 Metaspace       used 89938K, committed 91712K, reserved 1179648K
  class space    used 10334K, committed 11136K, reserved 1048576K
}
Event: 669.692 GC heap after
{Heap after GC invocations=4321 (full 6):
 PSYoungGen      total 3072K, used 480K [0x00000000eab00000, 0x00000000eaf00000, 0x0000000100000000)
  eden space 2560K, 0% used [0x00000000eab00000,0x00000000eab00000,0x00000000ead80000)
  from space 512K, 93% used [0x00000000eae80000,0x00000000eaef8000,0x00000000eaf00000)
  to   space 512K, 0% used [0x00000000eae00000,0x00000000eae00000,0x00000000eae80000)
 ParOldGen       total 381952K, used 381731K [0x00000000c0000000, 0x00000000d7500000, 0x00000000eab00000)
  object space 381952K, 99% used [0x00000000c0000000,0x00000000d74c8fc0,0x00000000d7500000)
 Metaspace       used 89938K, committed 91712K, reserved 1179648K
  class space    used 10334K, committed 11136K, reserved 1048576K
}
Event: 669.971 GC heap before
{Heap before GC invocations=4322 (full 6):
 PSYoungGen      total 3072K, used 3040K [0x00000000eab00000, 0x00000000eaf00000, 0x0000000100000000)
  eden space 2560K, 100% used [0x00000000eab00000,0x00000000ead80000,0x00000000ead80000)
  from space 512K, 93% used [0x00000000eae80000,0x00000000eaef8000,0x00000000eaf00000)
  to   space 512K, 0% used [0x00000000eae00000,0x00000000eae00000,0x00000000eae80000)
 ParOldGen       total 381952K, used 381731K [0x00000000c0000000, 0x00000000d7500000, 0x00000000eab00000)
  object space 381952K, 99% used [0x00000000c0000000,0x00000000d74c8fc0,0x00000000d7500000)
 Metaspace       used 89948K, committed 91712K, reserved 1179648K
  class space    used 10334K, committed 11136K, reserved 1048576K
}
Event: 670.013 GC heap after
{Heap after GC invocations=4322 (full 6):
 PSYoungGen      total 3072K, used 480K [0x00000000eab00000, 0x00000000eaf80000, 0x0000000100000000)
  eden space 2560K, 0% used [0x00000000eab00000,0x00000000eab00000,0x00000000ead80000)
  from space 512K, 93% used [0x00000000eae00000,0x00000000eae78020,0x00000000eae80000)
  to   space 1024K, 0% used [0x00000000eae80000,0x00000000eae80000,0x00000000eaf80000)
 ParOldGen       total 382464K, used 381955K [0x00000000c0000000, 0x00000000d7580000, 0x00000000eab00000)
  object space 382464K, 99% used [0x00000000c0000000,0x00000000d7500fc0,0x00000000d7580000)
 Metaspace       used 89948K, committed 91712K, reserved 1179648K
  class space    used 10334K, committed 11136K, reserved 1048576K
}
Event: 670.081 GC heap before
{Heap before GC invocations=4323 (full 6):
 PSYoungGen      total 3072K, used 3040K [0x00000000eab00000, 0x00000000eaf80000, 0x0000000100000000)
  eden space 2560K, 100% used [0x00000000eab00000,0x00000000ead80000,0x00000000ead80000)
  from space 512K, 93% used [0x00000000eae00000,0x00000000eae78020,0x00000000eae80000)
  to   space 1024K, 0% used [0x00000000eae80000,0x00000000eae80000,0x00000000eaf80000)
 ParOldGen       total 382464K, used 381955K [0x00000000c0000000, 0x00000000d7580000, 0x00000000eab00000)
  object space 382464K, 99% used [0x00000000c0000000,0x00000000d7500fc0,0x00000000d7580000)
 Metaspace       used 89961K, committed 91712K, reserved 1179648K
  class space    used 10334K, committed 11136K, reserved 1048576K
}
Event: 670.091 GC heap after
{Heap after GC invocations=4323 (full 6):
 PSYoungGen      total 3584K, used 448K [0x00000000eab00000, 0x00000000eaf80000, 0x0000000100000000)
  eden space 2560K, 0% used [0x00000000eab00000,0x00000000eab00000,0x00000000ead80000)
  from space 1024K, 43% used [0x00000000eae80000,0x00000000eaef0000,0x00000000eaf80000)
  to   space 1024K, 0% used [0x00000000ead80000,0x00000000ead80000,0x00000000eae80000)
 ParOldGen       total 382464K, used 382140K [0x00000000c0000000, 0x00000000d7580000, 0x00000000eab00000)
  object space 382464K, 99% used [0x00000000c0000000,0x00000000d752f000,0x00000000d7580000)
 Metaspace       used 89961K, committed 91712K, reserved 1179648K
  class space    used 10334K, committed 11136K, reserved 1048576K
}
Event: 670.173 GC heap before
{Heap before GC invocations=4324 (full 6):
 PSYoungGen      total 3584K, used 3003K [0x00000000eab00000, 0x00000000eaf80000, 0x0000000100000000)
  eden space 2560K, 99% used [0x00000000eab00000,0x00000000ead7ef00,0x00000000ead80000)
  from space 1024K, 43% used [0x00000000eae80000,0x00000000eaef0000,0x00000000eaf80000)
  to   space 1024K, 0% used [0x00000000ead80000,0x00000000ead80000,0x00000000eae80000)
 ParOldGen       total 382464K, used 382140K [0x00000000c0000000, 0x00000000d7580000, 0x00000000eab00000)
  object space 382464K, 99% used [0x00000000c0000000,0x00000000d752f000,0x00000000d7580000)
 Metaspace       used 89965K, committed 91776K, reserved 1179648K
  class space    used 10334K, committed 11136K, reserved 1048576K
}
Event: 670.178 GC heap after
{Heap after GC invocations=4324 (full 6):
 PSYoungGen      total 3584K, used 352K [0x00000000eab00000, 0x00000000eaf00000, 0x0000000100000000)
  eden space 2560K, 0% used [0x00000000eab00000,0x00000000eab00000,0x00000000ead80000)
  from space 1024K, 34% used [0x00000000ead80000,0x00000000eadd8000,0x00000000eae80000)
  to   space 512K, 0% used [0x00000000eae80000,0x00000000eae80000,0x00000000eaf00000)
 ParOldGen       total 382464K, used 382244K [0x00000000c0000000, 0x00000000d7580000, 0x00000000eab00000)
  object space 382464K, 99% used [0x00000000c0000000,0x00000000d7549000,0x00000000d7580000)
 Metaspace       used 89965K, committed 91776K, reserved 1179648K
  class space    used 10334K, committed 11136K, reserved 1048576K
}

